<?xml version="1.0" encoding="UTF-8"?>
<!-- Generated by org.testng.reporters.JUnitReportReporter -->
<testsuite hostname="INBASDLP00001" failures="0" tests="1" name="testcases.TC001" time="28.443" errors="0" timestamp="05 Aug 2018 01:56:10 GMT" skipped="0">
  <testcase classname="testcases.TC001" name="testcase1" time="28.443"/>
</testsuite> <!-- testcases.TC001 -->
